02/сен/2015 12:37:12,412- XMLParserRun: Application started
02/сен/2015 12:37:12,444- MyJAXBParser: Start validation file: d:\EclipseWorkSpace\XMLParser\src\main\resources\Gems_test3.xml by scheme file: d:\EclipseWorkSpace\XMLParser\src\main\resources\Gems.xsd ...
02/сен/2015 12:37:12,549- MyJAXBParser: File is valid...
02/сен/2015 12:37:12,787- MyJAXBParser: Start parse file: d:\EclipseWorkSpace\XMLParser\src\main\resources\Gems_test3.xml ...
02/сен/2015 12:37:13,369- MyJAXBParser: End parse file: 6 objects Gem found...
02/сен/2015 12:37:13,372- MyJAXBParser: Start save data to file: d:\EclipseWorkSpace\XMLParser\Gems_test4.xml ...
02/сен/2015 12:37:13,452- MyJAXBParser: Data saving to file: d:\EclipseWorkSpace\XMLParser\Gems_test4.xml ...
02/сен/2015 12:37:13,452- XMLParserRun: Application stopped
02/сен/2015 13:33:05,152- XMLParserRun: Application started
02/сен/2015 13:33:05,184- MyJAXBParser: Start transform file...
02/сен/2015 13:33:06,342- MyJAXBParser: End transform file...
02/сен/2015 13:33:06,342- XMLParserRun: Application stopped
02/сен/2015 13:39:23,676- XMLParserRun: Application started
02/сен/2015 13:39:23,707- MyJAXBParser: Start transform file...
02/сен/2015 13:39:24,009- MyJAXBParser: End transform file...
02/сен/2015 13:39:24,010- XMLParserRun: Application stopped
02/сен/2015 13:42:52,051- XMLParserRun: Application started
02/сен/2015 13:42:52,081- MyJAXBParser: Start transform file...
02/сен/2015 13:42:52,473- MyJAXBParser: End transform file...
02/сен/2015 13:42:52,473- XMLParserRun: Application stopped
02/сен/2015 13:50:15,735- XMLParserRun: Application started
02/сен/2015 13:50:15,766- MyJAXBParser: Start transform file...
02/сен/2015 13:50:16,080- MyJAXBParser: End transform file...
02/сен/2015 13:50:16,080- XMLParserRun: Application stopped
02/сен/2015 13:58:34,440- XMLParserRun: Application started
02/сен/2015 13:58:34,468- MyJAXBParser: Start transform file...
02/сен/2015 13:58:34,827- MyJAXBParser: End transform file...
02/сен/2015 13:58:34,827- XMLParserRun: Application stopped
02/сен/2015 13:59:51,458- XMLParserRun: Application started
02/сен/2015 13:59:51,491- MyJAXBParser: Start transform file...
02/сен/2015 13:59:51,799- MyJAXBParser: End transform file...
02/сен/2015 13:59:51,799- XMLParserRun: Application stopped
02/сен/2015 14:01:02,704- XMLParserRun: Application started
02/сен/2015 14:01:02,733- MyJAXBParser: Start transform file...
02/сен/2015 14:01:03,053- MyJAXBParser: End transform file...
02/сен/2015 14:01:03,054- XMLParserRun: Application stopped
02/сен/2015 14:03:16,632- XMLParserRun: Application started
02/сен/2015 14:03:16,657- MyJAXBParser: Start transform file...
02/сен/2015 14:03:16,967- MyJAXBParser: End transform file...
02/сен/2015 14:03:16,968- XMLParserRun: Application stopped
02/сен/2015 14:04:23,854- XMLParserRun: Application started
02/сен/2015 14:04:23,886- MyJAXBParser: Start transform file...
02/сен/2015 14:04:24,210- MyJAXBParser: End transform file...
02/сен/2015 14:04:24,211- XMLParserRun: Application stopped
02/сен/2015 14:06:47,580- XMLParserRun: Application started
02/сен/2015 14:06:47,613- MyJAXBParser: Start transform file...
02/сен/2015 14:06:47,941- MyJAXBParser: End transform file...
02/сен/2015 14:06:47,941- XMLParserRun: Application stopped
02/сен/2015 14:09:28,850- XMLParserRun: Application started
02/сен/2015 14:09:28,893- MyJAXBParser: Start transform file...
02/сен/2015 14:09:29,244- MyJAXBParser: End transform file...
02/сен/2015 14:09:29,244- XMLParserRun: Application stopped
02/сен/2015 14:11:08,476- XMLParserRun: Application started
02/сен/2015 14:11:08,500- MyJAXBParser: Start transform file...
02/сен/2015 14:11:08,834- MyJAXBParser: End transform file...
02/сен/2015 14:11:08,834- XMLParserRun: Application stopped
02/сен/2015 14:21:43,648- XMLParserRun: Application started
02/сен/2015 14:21:43,678- MyJAXBParser: Start validation file: d:\EclipseWorkSpace\XMLParser\src\main\resources\Gems_test3.xml by scheme file: d:\EclipseWorkSpace\XMLParser\src\main\resources\Gems.xsd ...
02/сен/2015 14:21:43,787- MyJAXBParser: File is valid...
02/сен/2015 14:21:44,154- MyJAXBParser: Start parse file: d:\EclipseWorkSpace\XMLParser\src\main\resources\Gems_test3.xml ...
02/сен/2015 14:21:44,745- MyJAXBParser: End parse file: 6 objects Gem found...
02/сен/2015 14:21:44,748- MyJAXBParser: Start save data to file: d:\EclipseWorkSpace\XMLParser\Gems_test4.xml ...
02/сен/2015 14:21:44,787- MyJAXBParser: Data saving to file: d:\EclipseWorkSpace\XMLParser\Gems_test4.xml ...
02/сен/2015 14:21:44,788- MyJAXBParser: Start transform file...
02/сен/2015 14:21:45,154- MyJAXBParser: End transform file...
02/сен/2015 14:21:45,154- XMLParserRun: Application stopped
02/сен/2015 16:19:04,354- XMLParserRun: Application started
02/сен/2015 16:19:04,397- MyJAXBParser: Start validation file: d:\EclipseWorkSpace\XMLParser\src\main\resources\Gems_test3.xml by scheme file: d:\EclipseWorkSpace\XMLParser\src\main\resources\Gems.xsd ...
02/сен/2015 16:19:04,565- MyJAXBParser: File: d:\EclipseWorkSpace\XMLParser\src\main\resources\Gems_test3.xml is not valid...
02/сен/2015 16:19:04,565- MyJAXBParser: schema_reference.4: Failed to read schema document 'file:/d:/EclipseWorkSpace/XMLParser/src/main/resources/Gems.xsd', because 1) could not find the document; 2) the document could not be read; 3) the root element of the document is not <xsd:schema>.
02/сен/2015 16:19:04,566- MyJAXBParser: Start transform file...
02/сен/2015 16:19:05,061- MyJAXBParser: d:\EclipseWorkSpace\XMLParser\src\main\resources\TransformGems.xsl (Системе не удается найти указанный путь)
02/сен/2015 16:19:05,061- XMLParserRun: Application stopped
02/сен/2015 16:23:37,936- XMLParserRun: Application started
02/сен/2015 16:23:37,953- MyJAXBParser: Start validation file: d:\EclipseWorkSpace\XMLParser\src\main\resources\Gems_test3.xml by scheme file: d:\EclipseWorkSpace\XMLParser\src\main\resources\Gems.xsd ...
02/сен/2015 16:23:38,045- MyJAXBParser: File: d:\EclipseWorkSpace\XMLParser\src\main\resources\Gems_test3.xml is not valid...
02/сен/2015 16:23:38,045- MyJAXBParser: schema_reference.4: Failed to read schema document 'file:/d:/EclipseWorkSpace/XMLParser/src/main/resources/Gems.xsd', because 1) could not find the document; 2) the document could not be read; 3) the root element of the document is not <xsd:schema>.
02/сен/2015 16:23:38,046- MyJAXBParser: Start transform file...
02/сен/2015 16:23:38,104- MyJAXBParser: d:\EclipseWorkSpace\XMLParser\src\main\resources\TransformGems.xsl (Системе не удается найти указанный путь)
02/сен/2015 16:23:38,104- XMLParserRun: Application stopped
02/сен/2015 16:26:21,181- XMLParserRun: Application started
02/сен/2015 16:26:21,405- MyJAXBParser: Start validation file: ..\src\main\resources\Gems_test3.xml by scheme file: ..\src\main\resources\Gems.xsd ...
02/сен/2015 16:26:21,469- MyJAXBParser: File: ..\src\main\resources\Gems_test3.xml is not valid...
02/сен/2015 16:26:21,469- MyJAXBParser: schema_reference.4: Failed to read schema document 'file:/D:/yuri.biryukov/Tasks/XMLParser/../src/main/resources/Gems.xsd', because 1) could not find the document; 2) the document could not be read; 3) the root element of the document is not <xsd:schema>.
02/сен/2015 16:26:21,470- MyJAXBParser: Start transform file...
02/сен/2015 16:26:21,499- MyJAXBParser: D:\yuri.biryukov\Tasks\src\main\resources\TransformGems.xsl (Системе не удается найти указанный путь)
02/сен/2015 16:26:21,500- XMLParserRun: Application stopped
02/сен/2015 16:28:09,315- XMLParserRun: Application started
02/сен/2015 16:28:09,333- MyJAXBParser: Start validation file: ..\XMLParser\src\main\resources\Gems_test3.xml by scheme file: ..\XMLParser\src\main\resources\Gems.xsd ...
02/сен/2015 16:28:09,497- MyJAXBParser: File is valid...
02/сен/2015 16:28:10,057- MyJAXBParser: Start parse file: ..\XMLParser\src\main\resources\Gems_test3.xml ...
02/сен/2015 16:28:10,463- MyJAXBParser: End parse file: 6 objects Gem found...
02/сен/2015 16:28:10,464- MyJAXBParser: Start save data to file: ..\XMLParser\Gems_test4.xml ...
02/сен/2015 16:28:10,622- MyJAXBParser: Data saving to file: ..\XMLParser\Gems_test4.xml ...
02/сен/2015 16:28:10,622- MyJAXBParser: Start transform file...
02/сен/2015 16:28:11,242- MyJAXBParser: End transform file...
02/сен/2015 16:28:11,243- XMLParserRun: Application stopped
